[PREINITIALIZATION][CLIENT][INFO] Current loaders after merging: [[preinit]]
[PREINITIALIZATION][CLIENT][INFO] Loading scripts for loader with names [preinit]
[PREINITIALIZATION][CLIENT][INFO] [preinit | SIDE_CLIENT]: Skipping file {[0:crafttweaker]: biomesOPlenty.zs} as we are currently loading with a different loader
[PREINITIALIZATION][CLIENT][INFO] [preinit | SIDE_CLIENT]: Skipping file {[0:crafttweaker]: gear_rod_plate.zs} as we are currently loading with a different loader
[PREINITIALIZATION][CLIENT][INFO] [preinit | SIDE_CLIENT]: Skipping file {[0:crafttweaker]: immersive.zs} as we are currently loading with a different loader
[PREINITIALIZATION][CLIENT][INFO] [preinit | SIDE_CLIENT]: Skipping file {[0:crafttweaker]: modular\coke.zs} as we are currently loading with a different loader
[PREINITIALIZATION][CLIENT][INFO] [preinit | SIDE_CLIENT]: Skipping file {[0:crafttweaker]: oredict.zs} as we are currently loading with a different loader
[PREINITIALIZATION][CLIENT][INFO] [preinit | SIDE_CLIENT]: Skipping file {[0:crafttweaker]: recipes.zs} as we are currently loading with a different loader
[PREINITIALIZATION][CLIENT][INFO] [preinit | SIDE_CLIENT]: Skipping file {[0:crafttweaker]: tconstruct.zs} as we are currently loading with a different loader
[PREINITIALIZATION][CLIENT][INFO] [preinit | SIDE_CLIENT]: Skipping file {[0:crafttweaker]: vanilla.zs} as we are currently loading with a different loader
[PREINITIALIZATION][CLIENT][INFO] Completed script loading in: 3ms
[INITIALIZATION][CLIENT][INFO] CraftTweaker: Building registry
[INITIALIZATION][CLIENT][INFO] CraftTweaker: Successfully built item registry
[INITIALIZATION][CLIENT][INFO] Current loaders after merging: [[preinit], [recipeevent | crafttweaker]]
[INITIALIZATION][CLIENT][INFO] Loading scripts for loader with names [crafttweaker | recipeevent]
[INITIALIZATION][CLIENT][INFO] [crafttweaker | SIDE_CLIENT]: Loading Script: {[0:crafttweaker]: biomesOPlenty.zs}
[INITIALIZATION][CLIENT][INFO] [crafttweaker | SIDE_CLIENT]: Loading Script: {[0:crafttweaker]: gear_rod_plate.zs}
[INITIALIZATION][CLIENT][INFO] [crafttweaker | SIDE_CLIENT]: Loading Script: {[0:crafttweaker]: immersive.zs}
[INITIALIZATION][CLIENT][INFO] [crafttweaker | SIDE_CLIENT]: Loading Script: {[0:crafttweaker]: modular\coke.zs}
[INITIALIZATION][CLIENT][INFO] [crafttweaker | SIDE_CLIENT]: Loading Script: {[0:crafttweaker]: oredict.zs}
[INITIALIZATION][CLIENT][INFO] Initialzing Ore Dict
[INITIALIZATION][CLIENT][INFO] Ore Dict Sucesfully Loaded
[INITIALIZATION][CLIENT][INFO] [crafttweaker | SIDE_CLIENT]: Loading Script: {[0:crafttweaker]: recipes.zs}
[INITIALIZATION][CLIENT][INFO] [crafttweaker | SIDE_CLIENT]: Loading Script: {[0:crafttweaker]: tconstruct.zs}
[INITIALIZATION][CLIENT][INFO] [crafttweaker | SIDE_CLIENT]: Loading Script: {[0:crafttweaker]: vanilla.zs}
[INITIALIZATION][CLIENT][INFO] Initializing Vanilla
[INITIALIZATION][CLIENT][INFO] Vanilla Initialized
[INITIALIZATION][CLIENT][INFO] Completed script loading in: 671ms
[POSTINITIALIZATION][CLIENT][INFO] Removing recipes for various outputs
[POSTINITIALIZATION][CLIENT][INFO] Adding shapeless recipe for Sacred Oak Wood Planks with name ct_shapeless-1113116431
[POSTINITIALIZATION][CLIENT][INFO] Adding shapeless recipe for Cherry Wood Planks with name ct_shapeless274035945
[POSTINITIALIZATION][CLIENT][INFO] Adding shapeless recipe for Umbran Wood Planks with name ct_shapeless2000440363
[POSTINITIALIZATION][CLIENT][INFO] Adding shapeless recipe for Fir Wood Planks with name ct_shapeless-568122515
[POSTINITIALIZATION][CLIENT][INFO] Adding shapeless recipe for Ethereal Wood Planks with name ct_shapeless2042091500
[POSTINITIALIZATION][CLIENT][INFO] Adding shapeless recipe for Magic Wood Planks with name ct_shapeless-526471378
[POSTINITIALIZATION][CLIENT][INFO] Adding shapeless recipe for Mangrove Wood Planks with name ct_shapeless1199933040
[POSTINITIALIZATION][CLIENT][INFO] Adding shapeless recipe for Redwood Wood Planks with name ct_shapeless1241584177
[POSTINITIALIZATION][CLIENT][INFO] Adding shapeless recipe for Willow Wood Planks with name ct_shapeless-1326978701
[POSTINITIALIZATION][CLIENT][INFO] Adding shapeless recipe for Pine Wood Planks with name ct_shapeless-201346394
[POSTINITIALIZATION][CLIENT][INFO] Adding shapeless recipe for Hellbark Wood Planks with name ct_shapeless1525058024
[POSTINITIALIZATION][CLIENT][INFO] Adding shapeless recipe for Jacaranda Wood Planks with name ct_shapeless-159695257
[POSTINITIALIZATION][CLIENT][INFO] Adding shapeless recipe for Mahogany Wood Planks with name ct_shapeless1566709161
[POSTINITIALIZATION][CLIENT][INFO] Adding shapeless recipe for Ebony Wood Planks with name ct_shapeless-1001853717
[POSTINITIALIZATION][CLIENT][INFO] Adding shapeless recipe for Eucalyptus Wood Planks with name ct_shapeless724550701
[POSTINITIALIZATION][CLIENT][INFO] Adding shapeless recipe for Palm Wood Planks with name ct_shapeless-1368629838
[POSTINITIALIZATION][CLIENT][INFO] Adding shaped recipe for Stone Gear with name ct_shaped1722803943
[POSTINITIALIZATION][CLIENT][INFO] Adding shaped recipe for Wooden Gear with name ct_shaped1625839105
[POSTINITIALIZATION][CLIENT][INFO] Adding shaped recipe for Iron Rod with name Iron Rod
[POSTINITIALIZATION][CLIENT][INFO] Adding shaped recipe for Blacksmith's Workshop with name ct_shaped625999821
[POSTINITIALIZATION][CLIENT][INFO] Adding shaped recipe for Blacksmith's Worktable with name ct_shaped751062260
[POSTINITIALIZATION][CLIENT][INFO] Adding shaped recipe for Blank Pattern with name Pattern
[POSTINITIALIZATION][CLIENT][INFO] Adding shaped recipe for Seared Tank with name ct_shaped-626135296
[POSTINITIALIZATION][CLIENT][INFO] Adding shaped recipe for Smeltery Controller with name ct_shaped-712788035
[POSTINITIALIZATION][CLIENT][INFO] Adding shaped recipe for Faucet with name ct_shaped-1118600989
[POSTINITIALIZATION][CLIENT][INFO] Adding shaped recipe for Smeltery Drain with name ct_shaped-1546942683
[POSTINITIALIZATION][CLIENT][INFO] Adding shaped recipe for Casting Basin with name ct_shaped-1039209257
[POSTINITIALIZATION][CLIENT][INFO] Adding shaped recipe for Casting Table with name ct_shaped1564404262
[POSTINITIALIZATION][CLIENT][INFO] Adding shaped recipe for Tool Forge with name ct_shaped1478516236
[POSTINITIALIZATION][CLIENT][INFO] Adding shapeless recipe for Oak Wood Planks with name Planks
[POSTINITIALIZATION][CLIENT][INFO] Adding shapeless recipe for Spruce Wood Planks with name Planks1
[POSTINITIALIZATION][CLIENT][INFO] Adding shapeless recipe for Birch Wood Planks with name Planks2
[POSTINITIALIZATION][CLIENT][INFO] Adding shapeless recipe for Jungle Wood Planks with name Planks3
[POSTINITIALIZATION][CLIENT][INFO] Adding shapeless recipe for Acacia Wood Planks with name Planks4
[POSTINITIALIZATION][CLIENT][INFO] Adding shapeless recipe for Dark Oak Wood Planks with name Planks5
[POSTINITIALIZATION][CLIENT][INFO] Adding shaped recipe for Stick with name Sticks
[POSTINITIALIZATION][CLIENT][INFO] Adding shaped recipe for Stick with name Sticks from logs
[POSTINITIALIZATION][CLIENT][INFO] Adding shaped recipe for Chest with name Chest Basic
[POSTINITIALIZATION][CLIENT][INFO] Adding shaped recipe for Chest with name Chest Treated
[POSTINITIALIZATION][CLIENT][INFO] Altering RecipeWorktable Recipe(s) for "blacksmith"
[POSTINITIALIZATION][CLIENT][INFO] Altering RecipeWorktable Recipe(s) for "blacksmith"
[POSTINITIALIZATION][CLIENT][INFO] Altering RecipeWorktable Recipe(s) for "blacksmith"
[POSTINITIALIZATION][CLIENT][INFO] Altering RecipeWorktable Recipe(s) for "blacksmith"
[POSTINITIALIZATION][CLIENT][INFO] Altering RecipeWorktable Recipe(s) for "blacksmith"
[POSTINITIALIZATION][CLIENT][INFO] Altering RecipeWorktable Recipe(s) for "blacksmith"
[POSTINITIALIZATION][CLIENT][INFO] Altering RecipeWorktable Recipe(s) for "blacksmith"
[POSTINITIALIZATION][CLIENT][INFO] Altering RecipeWorktable Recipe(s) for "blacksmith"
[POSTINITIALIZATION][CLIENT][INFO] Altering RecipeWorktable Recipe(s) for "blacksmith"
[POSTINITIALIZATION][CLIENT][INFO] Altering RecipeWorktable Recipe(s) for "blacksmith"
[POSTINITIALIZATION][CLIENT][INFO] Altering RecipeWorktable Recipe(s) for "blacksmith"
[POSTINITIALIZATION][CLIENT][INFO] Altering RecipeWorktable Recipe(s) for "blacksmith"
[POSTINITIALIZATION][CLIENT][INFO] Altering RecipeWorktable Recipe(s) for "blacksmith"
[POSTINITIALIZATION][CLIENT][INFO] Altering RecipeWorktable Recipe(s) for "blacksmith"
[POSTINITIALIZATION][CLIENT][INFO] Altering RecipeWorktable Recipe(s) for "blacksmith"
[POSTINITIALIZATION][CLIENT][INFO] Altering RecipeWorktable Recipe(s) for "blacksmith"
[POSTINITIALIZATION][CLIENT][INFO] Altering RecipeWorktable Recipe(s) for "blacksmith"
[POSTINITIALIZATION][CLIENT][INFO] Altering RecipeWorktable Recipe(s) for "blacksmith"
[POSTINITIALIZATION][CLIENT][INFO] Altering RecipeWorktable Recipe(s) for "blacksmith"
[POSTINITIALIZATION][CLIENT][INFO] Altering RecipeWorktable Recipe(s) for "blacksmith"
[POSTINITIALIZATION][CLIENT][INFO] Altering RecipeWorktable Recipe(s) for "blacksmith"
[POSTINITIALIZATION][CLIENT][INFO] Altering RecipeWorktable Recipe(s) for "blacksmith"
[POSTINITIALIZATION][CLIENT][INFO] Altering RecipeWorktable Recipe(s) for "blacksmith"
[POSTINITIALIZATION][CLIENT][INFO] Altering RecipeWorktable Recipe(s) for "blacksmith"
[POSTINITIALIZATION][CLIENT][INFO] Altering RecipeWorktable Recipe(s) for "blacksmith"
[POSTINITIALIZATION][CLIENT][INFO] Altering RecipeWorktable Recipe(s) for "blacksmith"
[POSTINITIALIZATION][CLIENT][INFO] Altering RecipeWorktable Recipe(s) for "blacksmith"
[POSTINITIALIZATION][CLIENT][INFO] Altering RecipeWorktable Recipe(s) for "blacksmith"
[POSTINITIALIZATION][CLIENT][INFO] Altering RecipeWorktable Recipe(s) for "blacksmith"
[POSTINITIALIZATION][CLIENT][INFO] Altering RecipeWorktable Recipe(s) for "blacksmith"
[POSTINITIALIZATION][CLIENT][INFO] Altering RecipeWorktable Recipe(s) for "blacksmith"
[POSTINITIALIZATION][CLIENT][INFO] Altering RecipeWorktable Recipe(s) for "blacksmith"
[POSTINITIALIZATION][CLIENT][INFO] Altering RecipeWorktable Recipe(s) for "blacksmith"
[POSTINITIALIZATION][CLIENT][INFO] Altering RecipeWorktable Recipe(s) for "blacksmith"
[POSTINITIALIZATION][CLIENT][INFO] Altering RecipeWorktable Recipe(s) for "blacksmith"
[POSTINITIALIZATION][CLIENT][INFO] Altering RecipeWorktable Recipe(s) for "blacksmith"
[POSTINITIALIZATION][CLIENT][INFO] Altering RecipeWorktable Recipe(s) for "blacksmith"
[POSTINITIALIZATION][CLIENT][INFO] Altering RecipeWorktable Recipe(s) for "blacksmith"
[POSTINITIALIZATION][CLIENT][INFO] Altering RecipeWorktable Recipe(s) for "blacksmith"
[POSTINITIALIZATION][CLIENT][INFO] Altering RecipeWorktable Recipe(s) for "blacksmith"
[POSTINITIALIZATION][CLIENT][INFO] Altering RecipeWorktable Recipe(s) for "blacksmith"
[POSTINITIALIZATION][CLIENT][INFO] Altering RecipeWorktable Recipe(s) for "blacksmith"
[POSTINITIALIZATION][CLIENT][INFO] Altering RecipeWorktable Recipe(s) for "blacksmith"
[POSTINITIALIZATION][CLIENT][INFO] Altering RecipeWorktable Recipe(s) for "blacksmith"
[POSTINITIALIZATION][CLIENT][INFO] Altering RecipeWorktable Recipe(s) for "blacksmith"
[POSTINITIALIZATION][CLIENT][INFO] Altering RecipeWorktable Recipe(s) for "blacksmith"
[POSTINITIALIZATION][CLIENT][INFO] Altering RecipeWorktable Recipe(s) for "blacksmith"
[POSTINITIALIZATION][CLIENT][INFO] Altering RecipeWorktable Recipe(s) for "blacksmith"
[POSTINITIALIZATION][CLIENT][INFO] Altering RecipeWorktable Recipe(s) for "blacksmith"
[POSTINITIALIZATION][CLIENT][INFO] Altering RecipeWorktable Recipe(s) for "blacksmith"
[POSTINITIALIZATION][CLIENT][INFO] Altering RecipeWorktable Recipe(s) for "blacksmith"
[POSTINITIALIZATION][CLIENT][INFO] Altering RecipeWorktable Recipe(s) for "blacksmith"
[POSTINITIALIZATION][CLIENT][INFO] Altering RecipeWorktable Recipe(s) for "blacksmith"
[POSTINITIALIZATION][CLIENT][INFO] Altering RecipeWorktable Recipe(s) for "blacksmith"
[POSTINITIALIZATION][CLIENT][INFO] Altering RecipeWorktable Recipe(s) for "blacksmith"
[POSTINITIALIZATION][CLIENT][INFO] Altering RecipeWorktable Recipe(s) for "blacksmith"
[POSTINITIALIZATION][CLIENT][INFO] Altering RecipeWorktable Recipe(s) for "blacksmith"
[AVAILABLE][CLIENT][INFO] Fixed the RecipeBook
<libvulpes:ore0:4>
<libvulpes:ore0:5>
<libvulpes:ore0:9>
<forestry:resources:1>
<forestry:resources:2>
<immersiveengineering:ore>
<immersiveengineering:ore:1>
<immersiveengineering:ore:2>
<immersiveengineering:ore:3>
<immersiveengineering:ore:4>
<mekanism:oreblock:1>
<mekanism:oreblock:2>
<bigreactors:orebenitoite>
<bigreactors:oreanglesite>
[SERVER_STARTED][SERVER][INFO] Loading scripts for loader with names [preinit]
[SERVER_STARTED][SERVER][INFO] Completed script loading in: 0ms
[SERVER_STARTED][SERVER][INFO] Loading scripts for loader with names [crafttweaker | recipeevent]
[SERVER_STARTED][SERVER][INFO] [crafttweaker | SIDE_CLIENT]: Loading Script: {[0:crafttweaker]: biomesOPlenty.zs}
[SERVER_STARTED][SERVER][INFO] [crafttweaker | SIDE_CLIENT]: Loading Script: {[0:crafttweaker]: gear_rod_plate.zs}
[SERVER_STARTED][SERVER][INFO] [crafttweaker | SIDE_CLIENT]: Loading Script: {[0:crafttweaker]: hideitkeepitsafe.zs}
[SERVER_STARTED][SERVER][ERROR] [crafttweaker | SIDE_CLIENT]: Error parsing hideitkeepitsafe.zs:9 -- ] or , expected
[SERVER_STARTED][SERVER][INFO] [crafttweaker | SIDE_CLIENT]: Loading Script: {[0:crafttweaker]: immersive.zs}
[SERVER_STARTED][SERVER][INFO] [crafttweaker | SIDE_CLIENT]: Loading Script: {[0:crafttweaker]: modular\coke.zs}
[SERVER_STARTED][SERVER][INFO] [crafttweaker | SIDE_CLIENT]: Loading Script: {[0:crafttweaker]: oredict.zs}
[SERVER_STARTED][SERVER][INFO] [crafttweaker | SIDE_CLIENT]: Loading Script: {[0:crafttweaker]: recipes.zs}
[SERVER_STARTED][SERVER][INFO] [crafttweaker | SIDE_CLIENT]: Loading Script: {[0:crafttweaker]: tconstruct.zs}
[SERVER_STARTED][SERVER][INFO] [crafttweaker | SIDE_CLIENT]: Loading Script: {[0:crafttweaker]: vanilla.zs}
[SERVER_STARTED][SERVER][INFO] Completed script loading in: 66ms
[SERVER_STARTED][SERVER][INFO] Loading scripts for loader with names [preinit]
[SERVER_STARTED][SERVER][INFO] Completed script loading in: 0ms
[SERVER_STARTED][SERVER][INFO] Loading scripts for loader with names [crafttweaker | recipeevent]
[SERVER_STARTED][SERVER][INFO] [crafttweaker | SIDE_CLIENT]: Loading Script: {[0:crafttweaker]: biomesOPlenty.zs}
[SERVER_STARTED][SERVER][INFO] [crafttweaker | SIDE_CLIENT]: Loading Script: {[0:crafttweaker]: gear_rod_plate.zs}
[SERVER_STARTED][SERVER][INFO] [crafttweaker | SIDE_CLIENT]: Loading Script: {[0:crafttweaker]: hideitkeepitsafe.zs}
[SERVER_STARTED][SERVER][INFO] [crafttweaker | SIDE_CLIENT]: Loading Script: {[0:crafttweaker]: immersive.zs}
[SERVER_STARTED][SERVER][INFO] [crafttweaker | SIDE_CLIENT]: Loading Script: {[0:crafttweaker]: modular\coke.zs}
[SERVER_STARTED][SERVER][INFO] [crafttweaker | SIDE_CLIENT]: Loading Script: {[0:crafttweaker]: oredict.zs}
[SERVER_STARTED][SERVER][INFO] [crafttweaker | SIDE_CLIENT]: Loading Script: {[0:crafttweaker]: recipes.zs}
[SERVER_STARTED][SERVER][INFO] [crafttweaker | SIDE_CLIENT]: Loading Script: {[0:crafttweaker]: tconstruct.zs}
[SERVER_STARTED][SERVER][INFO] [crafttweaker | SIDE_CLIENT]: Loading Script: {[0:crafttweaker]: vanilla.zs}
[SERVER_STARTED][SERVER][INFO] Completed script loading in: 55ms
[SERVER_STARTED][SERVER][INFO] Loading scripts for loader with names [preinit]
[SERVER_STARTED][SERVER][INFO] Completed script loading in: 0ms
[SERVER_STARTED][SERVER][INFO] Loading scripts for loader with names [crafttweaker | recipeevent]
[SERVER_STARTED][SERVER][INFO] [crafttweaker | SIDE_CLIENT]: Loading Script: {[0:crafttweaker]: biomesOPlenty.zs}
[SERVER_STARTED][SERVER][INFO] [crafttweaker | SIDE_CLIENT]: Loading Script: {[0:crafttweaker]: forestry.zs}
[SERVER_STARTED][SERVER][INFO] [crafttweaker | SIDE_CLIENT]: Loading Script: {[0:crafttweaker]: gear_rod_plate.zs}
[SERVER_STARTED][SERVER][INFO] [crafttweaker | SIDE_CLIENT]: Loading Script: {[0:crafttweaker]: hideitkeepitsafe.zs}
[SERVER_STARTED][SERVER][INFO] [crafttweaker | SIDE_CLIENT]: Loading Script: {[0:crafttweaker]: immersive.zs}
[SERVER_STARTED][SERVER][INFO] [crafttweaker | SIDE_CLIENT]: Loading Script: {[0:crafttweaker]: modular\coke.zs}
[SERVER_STARTED][SERVER][INFO] [crafttweaker | SIDE_CLIENT]: Loading Script: {[0:crafttweaker]: oredict.zs}
[SERVER_STARTED][SERVER][INFO] [crafttweaker | SIDE_CLIENT]: Loading Script: {[0:crafttweaker]: recipes.zs}
[SERVER_STARTED][SERVER][INFO] [crafttweaker | SIDE_CLIENT]: Loading Script: {[0:crafttweaker]: tconstruct.zs}
[SERVER_STARTED][SERVER][INFO] [crafttweaker | SIDE_CLIENT]: Loading Script: {[0:crafttweaker]: vanilla.zs}
[SERVER_STARTED][SERVER][INFO] Completed script loading in: 45ms
[SERVER_STARTED][SERVER][INFO] Loading scripts for loader with names [preinit]
[SERVER_STARTED][SERVER][INFO] Completed script loading in: 0ms
[SERVER_STARTED][SERVER][INFO] Loading scripts for loader with names [crafttweaker | recipeevent]
[SERVER_STARTED][SERVER][INFO] [crafttweaker | SIDE_CLIENT]: Loading Script: {[0:crafttweaker]: biomesOPlenty.zs}
[SERVER_STARTED][SERVER][INFO] [crafttweaker | SIDE_CLIENT]: Loading Script: {[0:crafttweaker]: forestry.zs}
[SERVER_STARTED][SERVER][ERROR] forestry.zs:14 > unexpected end of file - ; expected
[SERVER_STARTED][SERVER][ERROR] [crafttweaker | SIDE_CLIENT]: Error parsing forestry.zs:14 -- ; expected
[SERVER_STARTED][SERVER][INFO] [crafttweaker | SIDE_CLIENT]: Loading Script: {[0:crafttweaker]: gear_rod_plate.zs}
[SERVER_STARTED][SERVER][INFO] [crafttweaker | SIDE_CLIENT]: Loading Script: {[0:crafttweaker]: hideitkeepitsafe.zs}
[SERVER_STARTED][SERVER][INFO] [crafttweaker | SIDE_CLIENT]: Loading Script: {[0:crafttweaker]: immersive.zs}
[SERVER_STARTED][SERVER][INFO] [crafttweaker | SIDE_CLIENT]: Loading Script: {[0:crafttweaker]: modular\coke.zs}
[SERVER_STARTED][SERVER][INFO] [crafttweaker | SIDE_CLIENT]: Loading Script: {[0:crafttweaker]: oredict.zs}
[SERVER_STARTED][SERVER][INFO] [crafttweaker | SIDE_CLIENT]: Loading Script: {[0:crafttweaker]: recipes.zs}
[SERVER_STARTED][SERVER][INFO] [crafttweaker | SIDE_CLIENT]: Loading Script: {[0:crafttweaker]: tconstruct.zs}
[SERVER_STARTED][SERVER][INFO] [crafttweaker | SIDE_CLIENT]: Loading Script: {[0:crafttweaker]: vanilla.zs}
[SERVER_STARTED][SERVER][INFO] Completed script loading in: 35ms
[SERVER_STARTED][SERVER][INFO] Loading scripts for loader with names [preinit]
[SERVER_STARTED][SERVER][INFO] Completed script loading in: 0ms
[SERVER_STARTED][SERVER][INFO] Loading scripts for loader with names [crafttweaker | recipeevent]
[SERVER_STARTED][SERVER][INFO] [crafttweaker | SIDE_CLIENT]: Loading Script: {[0:crafttweaker]: biomesOPlenty.zs}
[SERVER_STARTED][SERVER][INFO] [crafttweaker | SIDE_CLIENT]: Loading Script: {[0:crafttweaker]: forestry.zs}
[SERVER_STARTED][SERVER][INFO] [crafttweaker | SIDE_CLIENT]: Loading Script: {[0:crafttweaker]: gear_rod_plate.zs}
[SERVER_STARTED][SERVER][INFO] [crafttweaker | SIDE_CLIENT]: Loading Script: {[0:crafttweaker]: hideitkeepitsafe.zs}
[SERVER_STARTED][SERVER][INFO] [crafttweaker | SIDE_CLIENT]: Loading Script: {[0:crafttweaker]: immersive.zs}
[SERVER_STARTED][SERVER][INFO] [crafttweaker | SIDE_CLIENT]: Loading Script: {[0:crafttweaker]: modular\coke.zs}
[SERVER_STARTED][SERVER][INFO] [crafttweaker | SIDE_CLIENT]: Loading Script: {[0:crafttweaker]: oredict.zs}
[SERVER_STARTED][SERVER][INFO] [crafttweaker | SIDE_CLIENT]: Loading Script: {[0:crafttweaker]: recipes.zs}
[SERVER_STARTED][SERVER][INFO] [crafttweaker | SIDE_CLIENT]: Loading Script: {[0:crafttweaker]: tconstruct.zs}
[SERVER_STARTED][SERVER][INFO] [crafttweaker | SIDE_CLIENT]: Loading Script: {[0:crafttweaker]: vanilla.zs}
[SERVER_STARTED][SERVER][INFO] Completed script loading in: 50ms
